<?xml version="1.0" encoding="UTF-8"?>
<!-- Generated by org.testng.reporters.JUnitReportReporter -->
<testsuite skipped="0" hostname="DESKTOP-QA3LEUT" name="test.TestSajta" tests="3" failures="0" timestamp="01 jun 2021 18:55:39 GMT" time="2.797" errors="0">
  <testcase name="invalidLogin" time="1.436" classname="test.TestSajta"/>
  <testcase name="validLogin" time="0.629" classname="test.TestSajta"/>
  <testcase name="testSortinga" time="0.732" classname="test.TestSajta"/>
</testsuite> <!-- test.TestSajta -->
